<?xml version="1.0" encoding="UTF-8"?>
<!-- Generated by org.testng.reporters.JUnitReportReporter -->
<testsuite hostname="PHX-RNALAM" failures="0" tests="1" name="com.crm.qa.testcases.LoginPageTest" time="31.388" errors="0" timestamp="17 Jul 2018 22:10:57 GMT" skipped="0">
  <testcase classname="com.crm.qa.testcases.LoginPageTest" name="loginTest" time="31.388"/>
</testsuite> <!-- com.crm.qa.testcases.LoginPageTest -->
