<?xml version="1.0" encoding="UTF-8"?>
<!-- Generated by org.testng.reporters.JUnitReportReporter -->
<testsuite skipped="0" hostname="PHX-ISHARAF" name="com.crm.qa.testcases.CreateAcctOpttyonDemand" tests="3" failures="0" timestamp="20 Mar 2020 15:48:25 GMT" time="156.686" errors="0">
  <testcase name="creatAccountsWithOpttyOnDemand" time="54.576" classname="com.crm.qa.testcases.CreateAcctOpttyonDemand"/>
  <testcase name="creatAccountsWithOpttyOnDemand" time="51.055" classname="com.crm.qa.testcases.CreateAcctOpttyonDemand"/>
  <testcase name="creatAccountsWithOpttyOnDemand" time="51.055" classname="com.crm.qa.testcases.CreateAcctOpttyonDemand"/>
</testsuite> <!-- com.crm.qa.testcases.CreateAcctOpttyonDemand -->
