<?xml version="1.0" encoding="UTF-8"?>
<!-- Generated by org.testng.reporters.JUnitReportReporter -->
<testsuite skipped="0" hostname="PHX-ISHARAF" name="com.crm.qa.testcases.BranchOpportunityTest" tests="1" failures="0" timestamp="29 Feb 2020 23:41:45 GMT" time="124.850" errors="0">
  <testcase name="logacall_notReached_Optty" time="124.850" classname="com.crm.qa.testcases.BranchOpportunityTest"/>
</testsuite> <!-- com.crm.qa.testcases.BranchOpportunityTest -->
