<?xml version="1.0" encoding="UTF-8"?>
<!-- Generated by org.testng.reporters.JUnitReportReporter -->
<testsuite hostname="PHX-RNALAM" failures="0" tests="9" name="com.crm.qa.testcases.MeetingFlowTests" time="408.068" errors="0" timestamp="19 Sep 2018 00:21:53 GMT" skipped="0">
  <testcase classname="com.crm.qa.testcases.MeetingFlowTests" name="meetingFlowTest" time="45.315"/>
  <testcase classname="com.crm.qa.testcases.MeetingFlowTests" name="meetingFlowTest" time="45.239"/>
  <testcase classname="com.crm.qa.testcases.MeetingFlowTests" name="meetingFlowTest" time="47.414"/>
  <testcase classname="com.crm.qa.testcases.MeetingFlowTests" name="meetingFlowTest" time="44.533"/>
  <testcase classname="com.crm.qa.testcases.MeetingFlowTests" name="meetingFlowTest" time="46.225"/>
  <testcase classname="com.crm.qa.testcases.MeetingFlowTests" name="meetingFlowTest" time="44.683"/>
  <testcase classname="com.crm.qa.testcases.MeetingFlowTests" name="meetingFlowTest" time="44.591"/>
  <testcase classname="com.crm.qa.testcases.MeetingFlowTests" name="meetingFlowTest" time="44.723"/>
  <testcase classname="com.crm.qa.testcases.MeetingFlowTests" name="meetingFlowTest" time="45.345"/>
</testsuite> <!-- com.crm.qa.testcases.MeetingFlowTests -->
