<?xml version="1.0" encoding="UTF-8"?>
<!-- Generated by org.testng.reporters.JUnitReportReporter -->
<testsuite skipped="1" hostname="PHX-ISHARAF" name="com.crm.qa.testcases.BranchOpportunityTest" tests="3" failures="0" timestamp="30 Mar 2020 16:38:17 GMT" time="817.820" errors="0">
  <testcase name="enrollment_BM" time="193.393" classname="com.crm.qa.testcases.BranchOpportunityTest"/>
  <testcase name="enrollment_BM" time="439.378" classname="com.crm.qa.testcases.BranchOpportunityTest">
    <skipped/>
  </testcase> <!-- enrollment_BM -->
  <testcase name="enrollment_BM" time="185.049" classname="com.crm.qa.testcases.BranchOpportunityTest"/>
</testsuite> <!-- com.crm.qa.testcases.BranchOpportunityTest -->
