<?xml version="1.0" encoding="UTF-8"?>
<!-- Generated by org.testng.reporters.JUnitReportReporter -->
<testsuite skipped="0" hostname="PHX-ISHARAF" name="com.crm.qa.testcases.LogActivityTest" tests="48" failures="0" timestamp="27 Mar 2020 21:02:43 GMT" time="5036.686" errors="0">
  <testcase name="UpdateSpouseAccountdetails" time="132.517" classname="com.crm.qa.testcases.LogActivityTest"/>
  <testcase name="UnplannedMeeting_withOutcome_NoShow_multipleUsers" time="87.901" classname="com.crm.qa.testcases.LogActivityTest"/>
  <testcase name="notReached_multipleUsers" time="82.154" classname="com.crm.qa.testcases.LogActivityTest"/>
  <testcase name="UnplannedMeetingWithExistingMeeting" time="130.297" classname="com.crm.qa.testcases.LogActivityTest"/>
  <testcase name="reached_Schedule_Phonecall" time="104.227" classname="com.crm.qa.testcases.LogActivityTest"/>
  <testcase name="UnplannedMeeting_withMeeting_OnSiteEvent_multipleUsers" time="101.658" classname="com.crm.qa.testcases.LogActivityTest"/>
  <testcase name="UnplannedMeeting_withOutcome_Completed_multipleUsers" time="95.419" classname="com.crm.qa.testcases.LogActivityTest"/>
  <testcase name="reached_Schedule_Phonecall" time="87.180" classname="com.crm.qa.testcases.LogActivityTest"/>
  <testcase name="reachedwithBusinessLead_ScheduleMeeting" time="111.795" classname="com.crm.qa.testcases.LogActivityTest"/>
  <testcase name="UnplannedMeeting_withMeeting_OnPhone_multipleUsers" time="98.639" classname="com.crm.qa.testcases.LogActivityTest"/>
  <testcase name="notReachedwithBusinessLead" time="89.888" classname="com.crm.qa.testcases.LogActivityTest"/>
  <testcase name="AddSpouseandLogaCallPrimary" time="136.149" classname="com.crm.qa.testcases.LogActivityTest"/>
  <testcase name="reachedwithBusinessLead" time="118.344" classname="com.crm.qa.testcases.LogActivityTest"/>
  <testcase name="meeting_CompleteFlow" time="75.945" classname="com.crm.qa.testcases.LogActivityTest"/>
  <testcase name="UnplannedMeeting_withMeeting_VirtualMeeting_multipleUsers" time="104.593" classname="com.crm.qa.testcases.LogActivityTest"/>
  <testcase name="reachedwithBusinessLead_ScheduleTodo" time="107.862" classname="com.crm.qa.testcases.LogActivityTest"/>
  <testcase name="reached_multipleUsers" time="91.836" classname="com.crm.qa.testcases.LogActivityTest"/>
  <testcase name="nolead_Reached_createBranchOpportunity" time="110.941" classname="com.crm.qa.testcases.LogActivityTest"/>
  <testcase name="notReachedwithBusinessLead" time="103.764" classname="com.crm.qa.testcases.LogActivityTest"/>
  <testcase name="LogaCallwithSpouse_ValidateAtPrimary" time="172.860" classname="com.crm.qa.testcases.LogActivityTest"/>
  <testcase name="UnplannedMeeting_withOutcome_NoShow_multipleUsers" time="105.690" classname="com.crm.qa.testcases.LogActivityTest"/>
  <testcase name="notReached_multipleUsers" time="92.743" classname="com.crm.qa.testcases.LogActivityTest"/>
  <testcase name="LogaCallwithSpouse_ValidateAtPrimary" time="185.931" classname="com.crm.qa.testcases.LogActivityTest"/>
  <testcase name="reachedwithBusinessLead" time="97.913" classname="com.crm.qa.testcases.LogActivityTest"/>
  <testcase name="AddSpouseandLogaCallPrimary" time="119.781" classname="com.crm.qa.testcases.LogActivityTest"/>
  <testcase name="nolead_Reached_createBranchOpportunity" time="102.388" classname="com.crm.qa.testcases.LogActivityTest"/>
  <testcase name="reachedwithBusinessLead_ScheduleMeeting" time="107.439" classname="com.crm.qa.testcases.LogActivityTest"/>
  <testcase name="reached_Schedule_Appointment" time="98.158" classname="com.crm.qa.testcases.LogActivityTest"/>
  <testcase name="UnplannedMeeting_withOutcome_Cancelled_multipleUsers" time="110.894" classname="com.crm.qa.testcases.LogActivityTest"/>
  <testcase name="UpdatePrimaryAccountdetails" time="87.755" classname="com.crm.qa.testcases.LogActivityTest"/>
  <testcase name="reachedwithBusinessLead_SchedulePhoneCall" time="105.851" classname="com.crm.qa.testcases.LogActivityTest"/>
  <testcase name="reached_Schedule_ToDo" time="97.631" classname="com.crm.qa.testcases.LogActivityTest"/>
  <testcase name="reached_Schedule_ToDo" time="104.412" classname="com.crm.qa.testcases.LogActivityTest"/>
  <testcase name="UnplannedMeeting_withOutcome_Cancelled_multipleUsers" time="99.963" classname="com.crm.qa.testcases.LogActivityTest"/>
  <testcase name="reached_multipleUsers" time="94.535" classname="com.crm.qa.testcases.LogActivityTest"/>
  <testcase name="UnplannedMeeting_withMeeting_OnPhone_multipleUsers" time="91.158" classname="com.crm.qa.testcases.LogActivityTest"/>
  <testcase name="UnplannedMeeting_withMeeting_VirtualMeeting_multipleUsers" time="95.832" classname="com.crm.qa.testcases.LogActivityTest"/>
  <testcase name="UpdateSpouseAccountdetails" time="126.666" classname="com.crm.qa.testcases.LogActivityTest"/>
  <testcase name="validateEmail" time="62.370" classname="com.crm.qa.testcases.LogActivityTest"/>
  <testcase name="reached_Schedule_Appointment" time="94.081" classname="com.crm.qa.testcases.LogActivityTest"/>
  <testcase name="validateFinancialDataForSponsoredClient" time="94.654" classname="com.crm.qa.testcases.LogActivityTest"/>
  <testcase name="UnplannedMeeting_withMeeting_OnSiteEvent_multipleUsers" time="108.296" classname="com.crm.qa.testcases.LogActivityTest"/>
  <testcase name="UnplannedMeetingWithExistingMeeting" time="115.562" classname="com.crm.qa.testcases.LogActivityTest"/>
  <testcase name="UnplannedMeeting_withOutcome_Completed_multipleUsers" time="101.427" classname="com.crm.qa.testcases.LogActivityTest"/>
  <testcase name="validateEmail" time="62.213" classname="com.crm.qa.testcases.LogActivityTest"/>
  <testcase name="reachedwithBusinessLead_SchedulePhoneCall" time="117.547" classname="com.crm.qa.testcases.LogActivityTest"/>
  <testcase name="reachedwithBusinessLead_ScheduleTodo" time="118.127" classname="com.crm.qa.testcases.LogActivityTest"/>
  <testcase name="UpdatePrimaryAccountdetails" time="93.700" classname="com.crm.qa.testcases.LogActivityTest"/>
</testsuite> <!-- com.crm.qa.testcases.LogActivityTest -->
