<?xml version="1.0" encoding="UTF-8"?>
<!-- Generated by org.testng.reporters.JUnitReportReporter -->
<testsuite skipped="0" hostname="PHX-ISHARAF" name="com.crm.qa.testcases.BranchOpportunityTest" tests="7" failures="0" timestamp="13 Dec 2019 18:31:49 GMT" time="445.124" errors="0">
  <testcase name="logacall_Reached_StageClosedLost" time="71.967" classname="com.crm.qa.testcases.BranchOpportunityTest"/>
  <testcase name="moveStageStatusManually" time="45.284" classname="com.crm.qa.testcases.BranchOpportunityTest"/>
  <testcase name="opttyClosedLost_viaAPI" time="59.814" classname="com.crm.qa.testcases.BranchOpportunityTest"/>
  <testcase name="scheduleMeetingandthenCloseMeeting" time="72.259" classname="com.crm.qa.testcases.BranchOpportunityTest"/>
  <testcase name="logacall_notReached_Optty" time="64.426" classname="com.crm.qa.testcases.BranchOpportunityTest"/>
  <testcase name="scheduleMeetingviaNextAction" time="94.267" classname="com.crm.qa.testcases.BranchOpportunityTest"/>
  <testcase name="createBranchOptty_viaAPI" time="37.107" classname="com.crm.qa.testcases.BranchOpportunityTest"/>
</testsuite> <!-- com.crm.qa.testcases.BranchOpportunityTest -->
