<?xml version="1.0" encoding="UTF-8"?>
<!-- Generated by org.testng.reporters.JUnitReportReporter -->
<testsuite skipped="0" hostname="PHX-ISHARAF" name="com.crm.qa.testcases.DeLinkAccounts" tests="1" failures="0" timestamp="07 Apr 2020 19:15:52 GMT" time="282.188" errors="0">
  <testcase name="oneAccountTerminateAll" time="282.188" classname="com.crm.qa.testcases.DeLinkAccounts"/>
</testsuite> <!-- com.crm.qa.testcases.DeLinkAccounts -->
