<?xml version="1.0" encoding="UTF-8"?>
<!-- Generated by org.testng.reporters.JUnitReportReporter -->
<testsuite skipped="0" hostname="PHX-ISHARAF" name="com.crm.qa.testcases.LogActivityTest" tests="48" failures="0" timestamp="13 Jan 2020 17:16:27 GMT" time="3388.384" errors="0">
  <testcase name="reached_Schedule_ToDo" time="70.887" classname="com.crm.qa.testcases.LogActivityTest"/>
  <testcase name="nolead_Reached_createBranchOpportunity" time="71.966" classname="com.crm.qa.testcases.LogActivityTest"/>
  <testcase name="logaCall_NotReached_Household_multipleUsers" time="61.724" classname="com.crm.qa.testcases.LogActivityTest"/>
  <testcase name="notReached" time="54.527" classname="com.crm.qa.testcases.LogActivityTest"/>
  <testcase name="reached" time="54.656" classname="com.crm.qa.testcases.LogActivityTest"/>
  <testcase name="reached_Schedule_Appointment" time="65.483" classname="com.crm.qa.testcases.LogActivityTest"/>
  <testcase name="UpdateSpouseAccountdetails" time="151.729" classname="com.crm.qa.testcases.LogActivityTest"/>
  <testcase name="UnplannedMeeting_multipleUsers" time="62.904" classname="com.crm.qa.testcases.LogActivityTest"/>
  <testcase name="logaCall_UnplannedMeeting_multipleUsers" time="68.865" classname="com.crm.qa.testcases.LogActivityTest"/>
  <testcase name="logaCall_Reached_Household_multipleUsers" time="60.918" classname="com.crm.qa.testcases.LogActivityTest"/>
  <testcase name="notReached_multipleUsers" time="57.667" classname="com.crm.qa.testcases.LogActivityTest"/>
  <testcase name="nolead_Reached_createWorkplaceOpportunity" time="75.017" classname="com.crm.qa.testcases.LogActivityTest"/>
  <testcase name="reachedwithBusinessLead_ScheduleMeeting" time="81.888" classname="com.crm.qa.testcases.LogActivityTest"/>
  <testcase name="notReachedwithBusinessLead" time="63.715" classname="com.crm.qa.testcases.LogActivityTest"/>
  <testcase name="notReached_multipleUsers" time="57.124" classname="com.crm.qa.testcases.LogActivityTest"/>
  <testcase name="LogaCallwithSpouse_ValidateAtPrimary" time="104.251" classname="com.crm.qa.testcases.LogActivityTest"/>
  <testcase name="reached_multipleUsers" time="53.825" classname="com.crm.qa.testcases.LogActivityTest"/>
  <testcase name="reached_multipleUsers" time="56.446" classname="com.crm.qa.testcases.LogActivityTest"/>
  <testcase name="CreateRetail1Account_Spouse" time="116.811" classname="com.crm.qa.testcases.LogActivityTest"/>
  <testcase name="reached_Schedule_Phonecall" time="69.880" classname="com.crm.qa.testcases.LogActivityTest"/>
  <testcase name="logaCall_NotReached_Household_multipleUsers" time="60.748" classname="com.crm.qa.testcases.LogActivityTest"/>
  <testcase name="reachedwithBusinessLead" time="66.747" classname="com.crm.qa.testcases.LogActivityTest"/>
  <testcase name="UnplannedMeeting_multipleUsers" time="59.208" classname="com.crm.qa.testcases.LogActivityTest"/>
  <testcase name="OnlyCreateRetail_1_Account" time="57.547" classname="com.crm.qa.testcases.LogActivityTest"/>
  <testcase name="meeting_CompleteFlowWithOptions" time="81.470" classname="com.crm.qa.testcases.LogActivityTest"/>
  <testcase name="UnplannedMeeting_multipleUsers" time="63.100" classname="com.crm.qa.testcases.LogActivityTest"/>
  <testcase name="reachedwithBusinessLead_UnplannedMeeting" time="62.000" classname="com.crm.qa.testcases.LogActivityTest"/>
  <testcase name="nolead_Reached_MultipleOpportunity" time="96.595" classname="com.crm.qa.testcases.LogActivityTest"/>
  <testcase name="OnlyCreateRetail_2_Account" time="69.617" classname="com.crm.qa.testcases.LogActivityTest"/>
  <testcase name="logaCall_Reached_Household_multipleUsers" time="58.356" classname="com.crm.qa.testcases.LogActivityTest"/>
  <testcase name="UpdatePrimaryAccountdetails" time="112.566" classname="com.crm.qa.testcases.LogActivityTest"/>
  <testcase name="notReached_multipleUsers" time="55.081" classname="com.crm.qa.testcases.LogActivityTest"/>
  <testcase name="UnplannedMeeting_multipleUsers" time="61.380" classname="com.crm.qa.testcases.LogActivityTest"/>
  <testcase name="logaCall_UnplannedMeeting_multipleUsers" time="64.144" classname="com.crm.qa.testcases.LogActivityTest"/>
  <testcase name="notReached_multipleUsers" time="56.768" classname="com.crm.qa.testcases.LogActivityTest"/>
  <testcase name="UnplannedMeeting" time="57.802" classname="com.crm.qa.testcases.LogActivityTest"/>
  <testcase name="logaCall_UnplannedMeeting_multipleUsers" time="61.999" classname="com.crm.qa.testcases.LogActivityTest"/>
  <testcase name="reached_multipleUsers" time="55.033" classname="com.crm.qa.testcases.LogActivityTest"/>
  <testcase name="logaCall_UnplannedMeeting_multipleUsers" time="62.818" classname="com.crm.qa.testcases.LogActivityTest"/>
  <testcase name="meeting_CompleteFlow" time="85.000" classname="com.crm.qa.testcases.LogActivityTest"/>
  <testcase name="logaCall_NotReached_Household_multipleUsers" time="63.650" classname="com.crm.qa.testcases.LogActivityTest"/>
  <testcase name="logaCall_Reached_Household_multipleUsers" time="57.691" classname="com.crm.qa.testcases.LogActivityTest"/>
  <testcase name="logaCall_Reached_Household_multipleUsers" time="61.801" classname="com.crm.qa.testcases.LogActivityTest"/>
  <testcase name="reachedwithBusinessLead_SchedulePhoneCall" time="84.913" classname="com.crm.qa.testcases.LogActivityTest"/>
  <testcase name="LogACallSpouse" time="99.946" classname="com.crm.qa.testcases.LogActivityTest"/>
  <testcase name="reached_multipleUsers" time="59.338" classname="com.crm.qa.testcases.LogActivityTest"/>
  <testcase name="reachedwithBusinessLead_ScheduleTodo" time="86.594" classname="com.crm.qa.testcases.LogActivityTest"/>
  <testcase name="logaCall_NotReached_Household_multipleUsers" time="66.189" classname="com.crm.qa.testcases.LogActivityTest"/>
</testsuite> <!-- com.crm.qa.testcases.LogActivityTest -->
