<?xml version="1.0" encoding="UTF-8"?>
<!-- Generated by org.testng.reporters.JUnitReportReporter -->
<testsuite skipped="0" hostname="PHX-ISHARAF" name="com.crm.qa.testcases.LogActivityTest" tests="6" failures="0" timestamp="02 Mar 2020 17:03:42 GMT" time="697.017" errors="0">
  <testcase name="reachedwithBusinessLead_ScheduleMeeting" time="122.750" classname="com.crm.qa.testcases.LogActivityTest"/>
  <testcase name="reachedwithBusinessLead_ScheduleTodo" time="124.321" classname="com.crm.qa.testcases.LogActivityTest"/>
  <testcase name="reachedwithBusinessLead_ScheduleMeeting" time="107.537" classname="com.crm.qa.testcases.LogActivityTest"/>
  <testcase name="reachedwithBusinessLead_SchedulePhoneCall" time="110.799" classname="com.crm.qa.testcases.LogActivityTest"/>
  <testcase name="reachedwithBusinessLead_SchedulePhoneCall" time="120.153" classname="com.crm.qa.testcases.LogActivityTest"/>
  <testcase name="reachedwithBusinessLead_ScheduleTodo" time="111.457" classname="com.crm.qa.testcases.LogActivityTest"/>
</testsuite> <!-- com.crm.qa.testcases.LogActivityTest -->
