<?xml version="1.0" encoding="UTF-8"?>
<!-- Generated by org.testng.reporters.JUnitReportReporter -->
<testsuite skipped="0" hostname="PHX-ISHARAF" name="com.crm.qa.testcases.LogActivityTest" tests="1" failures="0" timestamp="18 Nov 2019 06:00:38 GMT" time="165.273" errors="0">
  <testcase name="UpdatePrimaryAccountdetails" time="165.273" classname="com.crm.qa.testcases.LogActivityTest"/>
</testsuite> <!-- com.crm.qa.testcases.LogActivityTest -->
