<?xml version="1.0" encoding="UTF-8"?>
<!-- Generated by org.testng.reporters.JUnitReportReporter -->
<testsuite skipped="0" hostname="PHX-ISHARAF" name="com.crm.qa.testcases.BranchOpportunityTest" tests="2" failures="0" timestamp="14 Jan 2020 21:08:27 GMT" time="143.096" errors="0">
  <testcase name="logacall_notReached_Optty" time="67.216" classname="com.crm.qa.testcases.BranchOpportunityTest"/>
  <testcase name="logacall_Reached_StageClosedLost" time="75.880" classname="com.crm.qa.testcases.BranchOpportunityTest"/>
</testsuite> <!-- com.crm.qa.testcases.BranchOpportunityTest -->
