<?xml version="1.0" encoding="UTF-8"?>
<!-- Generated by org.testng.reporters.JUnitReportReporter -->
<testsuite skipped="0" hostname="PHX-ISHARAF" name="com.crm.qa.testcases.DeLinkAccounts" tests="1" failures="0" timestamp="03 Apr 2020 17:30:58 GMT" time="78.818" errors="0">
  <testcase name="createFinancialAccount" time="78.818" classname="com.crm.qa.testcases.DeLinkAccounts"/>
</testsuite> <!-- com.crm.qa.testcases.DeLinkAccounts -->
