<?xml version="1.0" encoding="UTF-8"?>
<!-- Generated by org.testng.reporters.JUnitReportReporter -->
<testsuite skipped="0" hostname="PHX-ISHARAF" name="com.crm.qa.testcases.CreateAcctOpttyonDemand" tests="10" failures="0" timestamp="27 Mar 2020 18:26:14 GMT" time="527.986" errors="0">
  <testcase name="creatAccountsWithOpttyOnDemand" time="52.350" classname="com.crm.qa.testcases.CreateAcctOpttyonDemand"/>
  <testcase name="creatAccountsWithOpttyOnDemand" time="51.124" classname="com.crm.qa.testcases.CreateAcctOpttyonDemand"/>
  <testcase name="creatAccountsWithOpttyOnDemand" time="51.242" classname="com.crm.qa.testcases.CreateAcctOpttyonDemand"/>
  <testcase name="creatAccountsWithOpttyOnDemand" time="51.433" classname="com.crm.qa.testcases.CreateAcctOpttyonDemand"/>
  <testcase name="creatAccountsWithOpttyOnDemand" time="50.697" classname="com.crm.qa.testcases.CreateAcctOpttyonDemand"/>
  <testcase name="creatAccountsWithOpttyOnDemand" time="59.886" classname="com.crm.qa.testcases.CreateAcctOpttyonDemand"/>
  <testcase name="creatAccountsWithOpttyOnDemand" time="51.669" classname="com.crm.qa.testcases.CreateAcctOpttyonDemand"/>
  <testcase name="creatAccountsWithOpttyOnDemand" time="54.560" classname="com.crm.qa.testcases.CreateAcctOpttyonDemand"/>
  <testcase name="creatAccountsWithOpttyOnDemand" time="51.374" classname="com.crm.qa.testcases.CreateAcctOpttyonDemand"/>
  <testcase name="creatAccountsWithOpttyOnDemand" time="53.651" classname="com.crm.qa.testcases.CreateAcctOpttyonDemand"/>
</testsuite> <!-- com.crm.qa.testcases.CreateAcctOpttyonDemand -->
