<?xml version="1.0" encoding="UTF-8"?>
<!-- Generated by org.testng.reporters.JUnitReportReporter -->
<testsuite skipped="0" hostname="PHX-ISHARAF" name="com.crm.qa.testcases.CreateAcctOpttyonDemand" tests="20" failures="0" timestamp="04 Apr 2020 18:03:33 GMT" time="1038.655" errors="0">
  <testcase name="creatAccountsWithOpttyOnDemand" time="50.762" classname="com.crm.qa.testcases.CreateAcctOpttyonDemand"/>
  <testcase name="creatAccountsWithOpttyOnDemand" time="50.605" classname="com.crm.qa.testcases.CreateAcctOpttyonDemand"/>
  <testcase name="creatAccountsWithOpttyOnDemand" time="52.729" classname="com.crm.qa.testcases.CreateAcctOpttyonDemand"/>
  <testcase name="creatAccountsWithOpttyOnDemand" time="51.533" classname="com.crm.qa.testcases.CreateAcctOpttyonDemand"/>
  <testcase name="creatAccountsWithOpttyOnDemand" time="51.543" classname="com.crm.qa.testcases.CreateAcctOpttyonDemand"/>
  <testcase name="creatAccountsWithOpttyOnDemand" time="52.415" classname="com.crm.qa.testcases.CreateAcctOpttyonDemand"/>
  <testcase name="creatAccountsWithOpttyOnDemand" time="51.393" classname="com.crm.qa.testcases.CreateAcctOpttyonDemand"/>
  <testcase name="creatAccountsWithOpttyOnDemand" time="53.349" classname="com.crm.qa.testcases.CreateAcctOpttyonDemand"/>
  <testcase name="creatAccountsWithOpttyOnDemand" time="49.783" classname="com.crm.qa.testcases.CreateAcctOpttyonDemand"/>
  <testcase name="creatAccountsWithOpttyOnDemand" time="54.928" classname="com.crm.qa.testcases.CreateAcctOpttyonDemand"/>
  <testcase name="creatAccountsWithOpttyOnDemand" time="50.724" classname="com.crm.qa.testcases.CreateAcctOpttyonDemand"/>
  <testcase name="creatAccountsWithOpttyOnDemand" time="53.937" classname="com.crm.qa.testcases.CreateAcctOpttyonDemand"/>
  <testcase name="creatAccountsWithOpttyOnDemand" time="53.220" classname="com.crm.qa.testcases.CreateAcctOpttyonDemand"/>
  <testcase name="creatAccountsWithOpttyOnDemand" time="53.083" classname="com.crm.qa.testcases.CreateAcctOpttyonDemand"/>
  <testcase name="creatAccountsWithOpttyOnDemand" time="50.229" classname="com.crm.qa.testcases.CreateAcctOpttyonDemand"/>
  <testcase name="creatAccountsWithOpttyOnDemand" time="51.403" classname="com.crm.qa.testcases.CreateAcctOpttyonDemand"/>
  <testcase name="creatAccountsWithOpttyOnDemand" time="51.046" classname="com.crm.qa.testcases.CreateAcctOpttyonDemand"/>
  <testcase name="creatAccountsWithOpttyOnDemand" time="54.194" classname="com.crm.qa.testcases.CreateAcctOpttyonDemand"/>
  <testcase name="creatAccountsWithOpttyOnDemand" time="50.252" classname="com.crm.qa.testcases.CreateAcctOpttyonDemand"/>
  <testcase name="creatAccountsWithOpttyOnDemand" time="51.527" classname="com.crm.qa.testcases.CreateAcctOpttyonDemand"/>
</testsuite> <!-- com.crm.qa.testcases.CreateAcctOpttyonDemand -->
