<?xml version="1.0" encoding="UTF-8"?>
<!-- Generated by org.testng.reporters.JUnitReportReporter -->
<testsuite skipped="0" hostname="PHX-ISHARAF" name="com.crm.qa.testcases.LogActivityTest" tests="12" failures="0" timestamp="09 Jan 2020 21:10:36 GMT" time="718.971" errors="0">
  <testcase name="logaCall_NotReached_Household_multipleUsers" time="56.426" classname="com.crm.qa.testcases.LogActivityTest"/>
  <testcase name="logaCall_Reached_Household_multipleUsers" time="68.758" classname="com.crm.qa.testcases.LogActivityTest"/>
  <testcase name="logaCall_NotReached_Household_multipleUsers" time="57.370" classname="com.crm.qa.testcases.LogActivityTest"/>
  <testcase name="logaCall_UnplannedMeeting_multipleUsers" time="61.505" classname="com.crm.qa.testcases.LogActivityTest"/>
  <testcase name="logaCall_Reached_Household_multipleUsers" time="59.757" classname="com.crm.qa.testcases.LogActivityTest"/>
  <testcase name="logaCall_UnplannedMeeting_multipleUsers" time="60.648" classname="com.crm.qa.testcases.LogActivityTest"/>
  <testcase name="logaCall_Reached_Household_multipleUsers" time="57.251" classname="com.crm.qa.testcases.LogActivityTest"/>
  <testcase name="logaCall_Reached_Household_multipleUsers" time="57.801" classname="com.crm.qa.testcases.LogActivityTest"/>
  <testcase name="logaCall_UnplannedMeeting_multipleUsers" time="61.130" classname="com.crm.qa.testcases.LogActivityTest"/>
  <testcase name="logaCall_UnplannedMeeting_multipleUsers" time="62.379" classname="com.crm.qa.testcases.LogActivityTest"/>
  <testcase name="logaCall_NotReached_Household_multipleUsers" time="60.206" classname="com.crm.qa.testcases.LogActivityTest"/>
  <testcase name="logaCall_NotReached_Household_multipleUsers" time="55.740" classname="com.crm.qa.testcases.LogActivityTest"/>
</testsuite> <!-- com.crm.qa.testcases.LogActivityTest -->
