<?xml version="1.0" encoding="UTF-8"?>
<!-- Generated by org.testng.reporters.JUnitReportReporter -->
<testsuite skipped="0" hostname="PHX-ISHARAF" name="com.crm.qa.testcases.BranchOpportunityTest" tests="2" failures="0" timestamp="09 Mar 2020 20:36:46 GMT" time="232.361" errors="0">
  <testcase name="enrollment_BM" time="111.965" classname="com.crm.qa.testcases.BranchOpportunityTest"/>
  <testcase name="enrollment_BM" time="120.396" classname="com.crm.qa.testcases.BranchOpportunityTest"/>
</testsuite> <!-- com.crm.qa.testcases.BranchOpportunityTest -->
