<?xml version="1.0" encoding="UTF-8"?>
<!-- Generated by org.testng.reporters.JUnitReportReporter -->
<testsuite skipped="27" hostname="PHX-ISHARAF" name="com.crm.qa.testcases.LogActivityTest_HouseHold" tests="28" failures="0" timestamp="20 Mar 2020 17:42:17 GMT" time="9.300" errors="1">
  <testcase name="UnplannedMeeting_multipleUsers" time="0.000" classname="com.crm.qa.testcases.LogActivityTest_HouseHold">
    <skipped/>
  </testcase> <!-- UnplannedMeeting_multipleUsers -->
  <testcase name="reachedwithBusinessLead_ScheduleTodo" time="0.000" classname="com.crm.qa.testcases.LogActivityTest_HouseHold">
    <skipped/>
  </testcase> <!-- reachedwithBusinessLead_ScheduleTodo -->
  <testcase name="reachedwithBusinessLead_ScheduleMeeting" time="0.000" classname="com.crm.qa.testcases.LogActivityTest_HouseHold">
    <skipped/>
  </testcase> <!-- reachedwithBusinessLead_ScheduleMeeting -->
  <testcase name="reached_Schedule_ToDo" time="0.000" classname="com.crm.qa.testcases.LogActivityTest_HouseHold">
    <skipped/>
  </testcase> <!-- reached_Schedule_ToDo -->
  <testcase name="reachedwithBusinessLead" time="0.000" classname="com.crm.qa.testcases.LogActivityTest_HouseHold">
    <skipped/>
  </testcase> <!-- reachedwithBusinessLead -->
  <testcase name="UpdateHouseholdAccountdetails" time="0.000" classname="com.crm.qa.testcases.LogActivityTest_HouseHold">
    <skipped/>
  </testcase> <!-- UpdateHouseholdAccountdetails -->
  <testcase name="reachedwithBusinessLead_SchedulePhoneCall" time="0.000" classname="com.crm.qa.testcases.LogActivityTest_HouseHold">
    <skipped/>
  </testcase> <!-- reachedwithBusinessLead_SchedulePhoneCall -->
  <testcase name="notReached_multipleUsers" time="0.000" classname="com.crm.qa.testcases.LogActivityTest_HouseHold">
    <skipped/>
  </testcase> <!-- notReached_multipleUsers -->
  <testcase name="UnplannedMeeting_multipleUsers" time="0.000" classname="com.crm.qa.testcases.LogActivityTest_HouseHold">
    <skipped/>
  </testcase> <!-- UnplannedMeeting_multipleUsers -->
  <testcase name="reached_Schedule_Phonecall" time="0.000" classname="com.crm.qa.testcases.LogActivityTest_HouseHold">
    <skipped/>
  </testcase> <!-- reached_Schedule_Phonecall -->
  <testcase name="reached_Schedule_Appointment" time="0.000" classname="com.crm.qa.testcases.LogActivityTest_HouseHold">
    <skipped/>
  </testcase> <!-- reached_Schedule_Appointment -->
  <testcase name="reached_Schedule_ToDo" time="0.000" classname="com.crm.qa.testcases.LogActivityTest_HouseHold">
    <skipped/>
  </testcase> <!-- reached_Schedule_ToDo -->
  <testcase name="reachedwithBusinessLead_ScheduleTodo" time="0.000" classname="com.crm.qa.testcases.LogActivityTest_HouseHold">
    <skipped/>
  </testcase> <!-- reachedwithBusinessLead_ScheduleTodo -->
  <testcase name="setUp" time="9.300" classname="com.crm.qa.testcases.LogActivityTest_HouseHold">
    <error type="java.lang.NullPointerException">
      <![CDATA[java.lang.NullPointerException
	at com.crm.qa.base.InitializeUserData.initialize(InitializeUserData.java:39)
	at com.crm.qa.testcases.LogActivityTest_HouseHold.setUp(LogActivityTest_HouseHold.java:94)
	at sun.reflect.NativeMethodAccessorImpl.invoke0(Native Method)
	at sun.reflect.NativeMethodAccessorImpl.invoke(NativeMethodAccessorImpl.java:62)
	at sun.reflect.DelegatingMethodAccessorImpl.invoke(DelegatingMethodAccessorImpl.java:43)
	at java.lang.reflect.Method.invoke(Method.java:498)
	at org.testng.internal.MethodInvocationHelper.invokeMethod(MethodInvocationHelper.java:108)
	at org.testng.internal.Invoker.invokeConfigurationMethod(Invoker.java:523)
	at org.testng.internal.Invoker.invokeConfigurations(Invoker.java:224)
	at org.testng.internal.Invoker.invokeMethod(Invoker.java:599)
	at org.testng.internal.Invoker.invokeTestMethod(Invoker.java:869)
	at org.testng.internal.Invoker.invokeTestMethods(Invoker.java:1193)
	at org.testng.internal.TestMethodWorker.invokeTestMethods(TestMethodWorker.java:126)
	at org.testng.internal.TestMethodWorker.run(TestMethodWorker.java:109)
	at java.util.concurrent.ThreadPoolExecutor.runWorker(ThreadPoolExecutor.java:1149)
	at java.util.concurrent.ThreadPoolExecutor$Worker.run(ThreadPoolExecutor.java:624)
	at java.lang.Thread.run(Thread.java:748)
]]>
    </error>
  </testcase> <!-- setUp -->
  <testcase name="nolead_Reached_createBranchOpportunity" time="0.000" classname="com.crm.qa.testcases.LogActivityTest_HouseHold">
    <skipped/>
  </testcase> <!-- nolead_Reached_createBranchOpportunity -->
  <testcase name="reached_multipleUsers" time="0.000" classname="com.crm.qa.testcases.LogActivityTest_HouseHold">
    <skipped/>
  </testcase> <!-- reached_multipleUsers -->
  <testcase name="reached_Schedule_Appointment" time="0.000" classname="com.crm.qa.testcases.LogActivityTest_HouseHold">
    <skipped/>
  </testcase> <!-- reached_Schedule_Appointment -->
  <testcase name="reached_Schedule_Phonecall" time="0.000" classname="com.crm.qa.testcases.LogActivityTest_HouseHold">
    <skipped/>
  </testcase> <!-- reached_Schedule_Phonecall -->
  <testcase name="UpdateHouseholdAccountdetails" time="0.000" classname="com.crm.qa.testcases.LogActivityTest_HouseHold">
    <skipped/>
  </testcase> <!-- UpdateHouseholdAccountdetails -->
  <testcase name="reachedwithBusinessLead_SchedulePhoneCall" time="0.000" classname="com.crm.qa.testcases.LogActivityTest_HouseHold">
    <skipped/>
  </testcase> <!-- reachedwithBusinessLead_SchedulePhoneCall -->
  <testcase name="reachedwithBusinessLead" time="0.000" classname="com.crm.qa.testcases.LogActivityTest_HouseHold">
    <skipped/>
  </testcase> <!-- reachedwithBusinessLead -->
  <testcase name="notReached_multipleUsers" time="0.000" classname="com.crm.qa.testcases.LogActivityTest_HouseHold">
    <skipped/>
  </testcase> <!-- notReached_multipleUsers -->
  <testcase name="reachedwithBusinessLead_ScheduleMeeting" time="0.000" classname="com.crm.qa.testcases.LogActivityTest_HouseHold">
    <skipped/>
  </testcase> <!-- reachedwithBusinessLead_ScheduleMeeting -->
  <testcase name="notReachedwithBusinessLead" time="0.000" classname="com.crm.qa.testcases.LogActivityTest_HouseHold">
    <skipped/>
  </testcase> <!-- notReachedwithBusinessLead -->
  <testcase name="reached_multipleUsers" time="0.000" classname="com.crm.qa.testcases.LogActivityTest_HouseHold">
    <skipped/>
  </testcase> <!-- reached_multipleUsers -->
  <testcase name="notReachedwithBusinessLead" time="0.000" classname="com.crm.qa.testcases.LogActivityTest_HouseHold">
    <skipped/>
  </testcase> <!-- notReachedwithBusinessLead -->
  <testcase name="meeting_CompleteFlow" time="0.000" classname="com.crm.qa.testcases.LogActivityTest_HouseHold">
    <skipped/>
  </testcase> <!-- meeting_CompleteFlow -->
  <testcase name="nolead_Reached_createBranchOpportunity" time="0.000" classname="com.crm.qa.testcases.LogActivityTest_HouseHold">
    <skipped/>
  </testcase> <!-- nolead_Reached_createBranchOpportunity -->
</testsuite> <!-- com.crm.qa.testcases.LogActivityTest_HouseHold -->
