<?xml version="1.0" encoding="UTF-8"?>
<!-- Generated by org.testng.reporters.JUnitReportReporter -->
<testsuite skipped="12" hostname="PHX-ISHARAF" name="com.crm.qa.testcases.LogActivityTest_HouseHold" tests="31" failures="0" timestamp="23 Mar 2020 15:50:34 GMT" time="1992.363" errors="1">
  <testcase name="setUp" time="74.252" classname="com.crm.qa.testcases.LogActivityTest_HouseHold">
    <error type="org.openqa.selenium.TimeoutException" message="timeout
  (Session info: chrome=79.0.3945.130)
Build info: version: &#039;3.5.3&#039;, revision: &#039;a88d25fe6b&#039;, time: &#039;2017-08-29T12:42:44.417Z&#039;
System info: host: &#039;PHX-ISHARAF&#039;, ip: &#039;192.168.125.204&#039;, os.name: &#039;Windows 10&#039;, os.arch: &#039;amd64&#039;, os.version: &#039;10.0&#039;, java.version: &#039;1.8.0_221&#039;
Driver info: org.openqa.selenium.chrome.ChromeDriver
Capabilities [{networkConnectionEnabled=false, chrome={chromedriverVersion=79.0.3945.16 (93fcc21110c10dbbd49bbff8f472335360e31d05-refs/branch-heads/3945@{#262}), userDataDir=C:\Users\ISharaf\AppData\Local\Temp\scoped_dir30884_121671626}, timeouts={implicit=0, pageLoad=300000, script=30000}, pageLoadStrategy=normal, unhandledPromptBehavior=accept, strictFileInteractability=false, platform=XP, proxy=Proxy(), goog:chromeOptions={debuggerAddress=localhost:61595}, acceptInsecureCerts=false, browserVersion=79.0.3945.130, browserName=chrome, javascriptEnabled=true, platformName=XP, setWindowRect=true}]
Session ID: 3a144e47412942bdd7ce56b665b707e1">
      <![CDATA[org.openqa.selenium.TimeoutException: timeout
  (Session info: chrome=79.0.3945.130)
Build info: version: '3.5.3', revision: 'a88d25fe6b', time: '2017-08-29T12:42:44.417Z'
System info: host: 'PHX-ISHARAF', ip: '192.168.125.204', os.name: 'Windows 10', os.arch: 'amd64', os.version: '10.0', java.version: '1.8.0_221'
Driver info: org.openqa.selenium.chrome.ChromeDriver
Capabilities [{networkConnectionEnabled=false, chrome={chromedriverVersion=79.0.3945.16 (93fcc21110c10dbbd49bbff8f472335360e31d05-refs/branch-heads/3945@{#262}), userDataDir=C:\Users\ISharaf\AppData\Local\Temp\scoped_dir30884_121671626}, timeouts={implicit=0, pageLoad=300000, script=30000}, pageLoadStrategy=normal, unhandledPromptBehavior=accept, strictFileInteractability=false, platform=XP, proxy=Proxy(), goog:chromeOptions={debuggerAddress=localhost:61595}, acceptInsecureCerts=false, browserVersion=79.0.3945.130, browserName=chrome, javascriptEnabled=true, platformName=XP, setWindowRect=true}]
Session ID: 3a144e47412942bdd7ce56b665b707e1
	at sun.reflect.NativeConstructorAccessorImpl.newInstance0(Native Method)
	at sun.reflect.NativeConstructorAccessorImpl.newInstance(NativeConstructorAccessorImpl.java:62)
	at sun.reflect.DelegatingConstructorAccessorImpl.newInstance(DelegatingConstructorAccessorImpl.java:45)
	at java.lang.reflect.Constructor.newInstance(Constructor.java:423)
	at org.openqa.selenium.remote.http.W3CHttpResponseCodec.createException(W3CHttpResponseCodec.java:185)
	at org.openqa.selenium.remote.http.W3CHttpResponseCodec.decode(W3CHttpResponseCodec.java:120)
	at org.openqa.selenium.remote.http.W3CHttpResponseCodec.decode(W3CHttpResponseCodec.java:49)
	at org.openqa.selenium.remote.HttpCommandExecutor.execute(HttpCommandExecutor.java:164)
	at org.openqa.selenium.remote.service.DriverCommandExecutor.execute(DriverCommandExecutor.java:82)
	at org.openqa.selenium.remote.RemoteWebDriver.execute(RemoteWebDriver.java:646)
	at org.openqa.selenium.remote.RemoteWebDriver.executeScript(RemoteWebDriver.java:582)
	at sun.reflect.GeneratedMethodAccessor7.invoke(Unknown Source)
	at sun.reflect.DelegatingMethodAccessorImpl.invoke(DelegatingMethodAccessorImpl.java:43)
	at java.lang.reflect.Method.invoke(Method.java:498)
	at org.openqa.selenium.support.events.EventFiringWebDriver$2.invoke(EventFiringWebDriver.java:105)
	at com.sun.proxy.$Proxy8.executeScript(Unknown Source)
	at org.openqa.selenium.support.events.EventFiringWebDriver.executeScript(EventFiringWebDriver.java:218)
	at com.crm.qa.pages.LoginPage.login(LoginPage.java:50)
	at com.crm.qa.testcases.LogActivityTest_HouseHold.setUp(LogActivityTest_HouseHold.java:92)
	at sun.reflect.GeneratedMethodAccessor62.invoke(Unknown Source)
	at sun.reflect.DelegatingMethodAccessorImpl.invoke(DelegatingMethodAccessorImpl.java:43)
	at java.lang.reflect.Method.invoke(Method.java:498)
	at org.testng.internal.MethodInvocationHelper.invokeMethod(MethodInvocationHelper.java:108)
	at org.testng.internal.Invoker.invokeConfigurationMethod(Invoker.java:523)
	at org.testng.internal.Invoker.invokeConfigurations(Invoker.java:224)
	at org.testng.internal.Invoker.invokeMethod(Invoker.java:599)
	at org.testng.internal.Invoker.retryFailed(Invoker.java:1014)
	at org.testng.internal.Invoker.invokeTestMethods(Invoker.java:1215)
	at org.testng.internal.TestMethodWorker.invokeTestMethods(TestMethodWorker.java:126)
	at org.testng.internal.TestMethodWorker.run(TestMethodWorker.java:109)
	at java.util.concurrent.ThreadPoolExecutor.runWorker(ThreadPoolExecutor.java:1149)
	at java.util.concurrent.ThreadPoolExecutor$Worker.run(ThreadPoolExecutor.java:624)
	at java.lang.Thread.run(Thread.java:748)
]]>
    </error>
  </testcase> <!-- setUp -->
  <testcase name="reachedwithBusinessLead" time="106.653" classname="com.crm.qa.testcases.LogActivityTest_HouseHold"/>
  <testcase name="UpdateHouseholdAccountdetails" time="8.716" classname="com.crm.qa.testcases.LogActivityTest_HouseHold">
    <skipped/>
  </testcase> <!-- UpdateHouseholdAccountdetails -->
  <testcase name="reachedwithBusinessLead_ScheduleMeeting" time="17.874" classname="com.crm.qa.testcases.LogActivityTest_HouseHold">
    <skipped/>
  </testcase> <!-- reachedwithBusinessLead_ScheduleMeeting -->
  <testcase name="reachedwithBusinessLead_ScheduleTodo" time="8.637" classname="com.crm.qa.testcases.LogActivityTest_HouseHold">
    <skipped/>
  </testcase> <!-- reachedwithBusinessLead_ScheduleTodo -->
  <testcase name="meeting_CompleteFlow" time="9.049" classname="com.crm.qa.testcases.LogActivityTest_HouseHold">
    <skipped/>
  </testcase> <!-- meeting_CompleteFlow -->
  <testcase name="notReachedwithBusinessLead" time="107.298" classname="com.crm.qa.testcases.LogActivityTest_HouseHold"/>
  <testcase name="reached_Schedule_Appointment" time="96.543" classname="com.crm.qa.testcases.LogActivityTest_HouseHold"/>
  <testcase name="reached_Schedule_Appointment" time="100.242" classname="com.crm.qa.testcases.LogActivityTest_HouseHold"/>
  <testcase name="reachedwithBusinessLead_SchedulePhoneCall" time="105.965" classname="com.crm.qa.testcases.LogActivityTest_HouseHold"/>
  <testcase name="UnplannedMeeting_multipleUsers" time="90.020" classname="com.crm.qa.testcases.LogActivityTest_HouseHold"/>
  <testcase name="nolead_Reached_createBranchOpportunity" time="9.132" classname="com.crm.qa.testcases.LogActivityTest_HouseHold">
    <skipped/>
  </testcase> <!-- nolead_Reached_createBranchOpportunity -->
  <testcase name="reached_Schedule_Phonecall" time="92.129" classname="com.crm.qa.testcases.LogActivityTest_HouseHold"/>
  <testcase name="reachedwithBusinessLead_ScheduleMeeting" time="8.642" classname="com.crm.qa.testcases.LogActivityTest_HouseHold">
    <skipped/>
  </testcase> <!-- reachedwithBusinessLead_ScheduleMeeting -->
  <testcase name="reached_multipleUsers" time="90.225" classname="com.crm.qa.testcases.LogActivityTest_HouseHold"/>
  <testcase name="reachedwithBusinessLead_SchedulePhoneCall" time="166.215" classname="com.crm.qa.testcases.LogActivityTest_HouseHold"/>
  <testcase name="notReached_multipleUsers" time="92.396" classname="com.crm.qa.testcases.LogActivityTest_HouseHold"/>
  <testcase name="reached_Schedule_Phonecall" time="106.477" classname="com.crm.qa.testcases.LogActivityTest_HouseHold"/>
  <testcase name="reachedwithBusinessLead" time="84.555" classname="com.crm.qa.testcases.LogActivityTest_HouseHold"/>
  <testcase name="reachedwithBusinessLead_ScheduleTodo" time="58.472" classname="com.crm.qa.testcases.LogActivityTest_HouseHold">
    <skipped/>
  </testcase> <!-- reachedwithBusinessLead_ScheduleTodo -->
  <testcase name="UnplannedMeeting_multipleUsers" time="66.762" classname="com.crm.qa.testcases.LogActivityTest_HouseHold">
    <skipped/>
  </testcase> <!-- UnplannedMeeting_multipleUsers -->
  <testcase name="notReached_multipleUsers" time="67.860" classname="com.crm.qa.testcases.LogActivityTest_HouseHold"/>
  <testcase name="reached_Schedule_ToDo" time="88.714" classname="com.crm.qa.testcases.LogActivityTest_HouseHold"/>
  <testcase name="reachedwithBusinessLead_ScheduleTodo" time="0.000" classname="com.crm.qa.testcases.LogActivityTest_HouseHold">
    <skipped/>
  </testcase> <!-- reachedwithBusinessLead_ScheduleTodo -->
  <testcase name="nolead_Reached_createBranchOpportunity" time="0.000" classname="com.crm.qa.testcases.LogActivityTest_HouseHold">
    <skipped/>
  </testcase> <!-- nolead_Reached_createBranchOpportunity -->
  <testcase name="reached_Schedule_ToDo" time="93.239" classname="com.crm.qa.testcases.LogActivityTest_HouseHold"/>
  <testcase name="UpdateHouseholdAccountdetails" time="0.000" classname="com.crm.qa.testcases.LogActivityTest_HouseHold">
    <skipped/>
  </testcase> <!-- UpdateHouseholdAccountdetails -->
  <testcase name="reached_multipleUsers" time="65.132" classname="com.crm.qa.testcases.LogActivityTest_HouseHold"/>
  <testcase name="notReachedwithBusinessLead" time="83.315" classname="com.crm.qa.testcases.LogActivityTest_HouseHold"/>
  <testcase name="reachedwithBusinessLead_ScheduleTodo" time="0.000" classname="com.crm.qa.testcases.LogActivityTest_HouseHold">
    <skipped/>
  </testcase> <!-- reachedwithBusinessLead_ScheduleTodo -->
  <testcase name="UnplannedMeeting_multipleUsers" time="93.849" classname="com.crm.qa.testcases.LogActivityTest_HouseHold"/>
</testsuite> <!-- com.crm.qa.testcases.LogActivityTest_HouseHold -->
