<?xml version="1.0" encoding="UTF-8"?>
<!-- Generated by org.testng.reporters.JUnitReportReporter -->
<testsuite skipped="0" hostname="PHX-ISHARAF" name="com.crm.qa.testcases.LogActivityTest_HouseHold" tests="2" failures="0" timestamp="11 Mar 2020 22:41:42 GMT" time="182.651" errors="0">
  <testcase name="logaCall_NotReached_Household_multipleUsers" time="89.739" classname="com.crm.qa.testcases.LogActivityTest_HouseHold"/>
  <testcase name="logaCall_NotReached_Household_multipleUsers" time="92.912" classname="com.crm.qa.testcases.LogActivityTest_HouseHold"/>
</testsuite> <!-- com.crm.qa.testcases.LogActivityTest_HouseHold -->
