<?xml version="1.0" encoding="UTF-8"?>
<!-- Generated by org.testng.reporters.JUnitReportReporter -->
<testsuite hostname="PHX-RNALAM" failures="0" tests="1" name="com.crm.qa.testcases.HomePageTest" time="34.840" errors="0" timestamp="18 Jul 2018 19:31:46 GMT" skipped="0">
  <testcase classname="com.crm.qa.testcases.HomePageTest" name="verifySearchPage" time="34.840"/>
</testsuite> <!-- com.crm.qa.testcases.HomePageTest -->
