<?xml version="1.0" encoding="UTF-8"?>
<!-- Generated by org.testng.reporters.JUnitReportReporter -->
<testsuite skipped="0" hostname="PHX-ISHARAF" name="com.crm.qa.testcases.APITests" tests="1" failures="0" timestamp="23 Oct 2019 19:09:40 GMT" time="17.752" errors="0">
  <testcase name="createService" time="17.752" classname="com.crm.qa.testcases.APITests"/>
</testsuite> <!-- com.crm.qa.testcases.APITests -->
