<?xml version="1.0" encoding="UTF-8"?>
<!-- Generated by org.testng.reporters.JUnitReportReporter -->
<testsuite skipped="0" hostname="PHX-ISHARAF" name="com.crm.qa.testcases.LogActivityTest" tests="2" failures="0" timestamp="14 Jan 2020 20:28:35 GMT" time="111.119" errors="0">
  <testcase name="notReached" time="54.809" classname="com.crm.qa.testcases.LogActivityTest"/>
  <testcase name="reached" time="56.310" classname="com.crm.qa.testcases.LogActivityTest"/>
</testsuite> <!-- com.crm.qa.testcases.LogActivityTest -->
