<?xml version="1.0" encoding="UTF-8"?>
<!-- Generated by org.testng.reporters.JUnitReportReporter -->
<testsuite skipped="1" hostname="PHX-ISHARAF" name="com.crm.qa.testcases.LogActivityTest" tests="23" failures="0" timestamp="25 Nov 2019 17:48:41 GMT" time="2079.258" errors="0">
  <testcase name="notReached" time="64.412" classname="com.crm.qa.testcases.LogActivityTest"/>
  <testcase name="CreateRetail1Account_Spouse" time="118.698" classname="com.crm.qa.testcases.LogActivityTest"/>
  <testcase name="reached" time="62.886" classname="com.crm.qa.testcases.LogActivityTest"/>
  <testcase name="reached_Schedule_ToDo" time="75.484" classname="com.crm.qa.testcases.LogActivityTest"/>
  <testcase name="UpdateSpouseAccountdetails" time="150.777" classname="com.crm.qa.testcases.LogActivityTest"/>
  <testcase name="UnplannedMeeting" time="71.512" classname="com.crm.qa.testcases.LogActivityTest"/>
  <testcase name="reachedwithBusinessLead_SchedulePhoneCall" time="79.747" classname="com.crm.qa.testcases.LogActivityTest"/>
  <testcase name="notReachedwithBusinessLead" time="67.905" classname="com.crm.qa.testcases.LogActivityTest"/>
  <testcase name="reachedwithBusinessLead" time="68.130" classname="com.crm.qa.testcases.LogActivityTest"/>
  <testcase name="reachedwithBusinessLead_ScheduleMeeting" time="96.097" classname="com.crm.qa.testcases.LogActivityTest"/>
  <testcase name="nolead_Reached_createBranchOpportunity" time="86.884" classname="com.crm.qa.testcases.LogActivityTest"/>
  <testcase name="reached_Schedule_Appointment" time="91.584" classname="com.crm.qa.testcases.LogActivityTest"/>
  <testcase name="meeting_CompleteFlow" time="101.742" classname="com.crm.qa.testcases.LogActivityTest"/>
  <testcase name="reachedwithBusinessLead_ScheduleTodo" time="79.921" classname="com.crm.qa.testcases.LogActivityTest"/>
  <testcase name="meeting_CompleteFlowWithOptions" time="104.487" classname="com.crm.qa.testcases.LogActivityTest"/>
  <testcase name="UpdatePrimaryAccountdetails" time="108.742" classname="com.crm.qa.testcases.LogActivityTest"/>
  <testcase name="reachedwithBusinessLead_UnplannedMeeting" time="73.931" classname="com.crm.qa.testcases.LogActivityTest"/>
  <testcase name="LogaCallwithSpouse_ValidateAtPrimary" time="136.432" classname="com.crm.qa.testcases.LogActivityTest"/>
  <testcase name="reached_Schedule_Phonecall" time="74.595" classname="com.crm.qa.testcases.LogActivityTest"/>
  <testcase name="CreateRetail1Account" time="53.987" classname="com.crm.qa.testcases.LogActivityTest"/>
  <testcase name="CreateRetail2Account" time="64.461" classname="com.crm.qa.testcases.LogActivityTest"/>
  <testcase name="LogACallSpouse" time="106.344" classname="com.crm.qa.testcases.LogActivityTest"/>
  <testcase name="UpdateSpouseAccountdetails" time="140.500" classname="com.crm.qa.testcases.LogActivityTest">
    <skipped/>
  </testcase> <!-- UpdateSpouseAccountdetails -->
</testsuite> <!-- com.crm.qa.testcases.LogActivityTest -->
