<?xml version="1.0" encoding="UTF-8"?>
<!-- Generated by org.testng.reporters.JUnitReportReporter -->
<testsuite skipped="0" hostname="PHX-ISHARAF" name="com.crm.qa.testcases.LogActivityTest" tests="1" failures="0" timestamp="04 Dec 2019 23:09:38 GMT" time="47.511" errors="0">
  <testcase name="CreateRetail1Account" time="47.511" classname="com.crm.qa.testcases.LogActivityTest"/>
</testsuite> <!-- com.crm.qa.testcases.LogActivityTest -->
